\BOOKMARK [1][-]{section.1}{\376\377\000L\000e\000c\000t\000u\000r\000e\000\040\0001\000\040\000-\000\040\000S\000y\000s\000t\000e\000m\000\040\000o\000f\000\040\000l\000i\000n\000e\000a\000r\000\040\000e\000q\000u\000a\000t\000i\000o\000n\000s}{}% 1
\BOOKMARK [2][-]{subsection.1.1}{\376\377\000L\000i\000n\000e\000a\000r\000\040\000s\000y\000s\000t\000e\000m\000s}{section.1}% 2
\BOOKMARK [2][-]{subsection.1.2}{\376\377\000G\000e\000o\000m\000e\000t\000r\000i\000c\000\040\000i\000n\000t\000e\000r\000p\000r\000e\000t\000a\000t\000i\000o\000n}{section.1}% 3
\BOOKMARK [1][-]{section.2}{\376\377\000L\000e\000c\000t\000u\000r\000e\000\040\0002\000\040\000-\000\040\000M\000a\000t\000r\000i\000c\000e\000s\000\040\000a\000n\000d\000\040\000r\000o\000w\000\040\000e\000c\000h\000e\000l\000o\000n\000\040\000f\000o\000r\000m}{}% 4
\BOOKMARK [2][-]{subsection.2.1}{\376\377\000M\000a\000t\000r\000i\000c\000e\000s}{section.2}% 5
\BOOKMARK [2][-]{subsection.2.2}{\376\377\000R\000o\000w\000\040\000e\000c\000h\000e\000l\000o\000n\000\040\000f\000o\000r\000m}{section.2}% 6
\BOOKMARK [1][-]{section.3}{\376\377\000L\000e\000c\000t\000u\000r\000e\000\040\0003\000\040\000-\000\040\000M\000a\000t\000r\000i\000x\000\040\000a\000l\000g\000e\000b\000r\000a}{}% 7
\BOOKMARK [2][-]{subsection.3.1}{\376\377\000M\000a\000t\000r\000i\000x\000\040\000a\000d\000d\000i\000t\000i\000o\000n\000\040\000a\000n\000d\000\040\000s\000c\000a\000l\000a\000r\000\040\000m\000u\000l\000t\000i\000p\000l\000i\000c\000a\000t\000i\000o\000n}{section.3}% 8
\BOOKMARK [2][-]{subsection.3.2}{\376\377\000M\000a\000t\000r\000i\000x\000\040\000m\000u\000l\000t\000i\000p\000l\000i\000c\000a\000t\000i\000o\000n}{section.3}% 9
\BOOKMARK [2][-]{subsection.3.3}{\376\377\000P\000a\000r\000t\000i\000t\000i\000o\000n\000e\000d\000\040\000m\000a\000t\000r\000i\000x}{section.3}% 10
\BOOKMARK [1][-]{section.4}{\376\377\000L\000e\000c\000t\000u\000r\000e\000\040\0004\000\040\000-\000\040\000M\000a\000t\000r\000i\000x\000\040\000e\000q\000u\000a\000t\000i\000o\000n\000s\000\040\000a\000n\000d\000\040\000l\000i\000n\000e\000a\000r\000\040\000i\000n\000d\000e\000p\000e\000n\000d\000e\000n\000c\000e}{}% 11
\BOOKMARK [2][-]{subsection.4.1}{\376\377\000V\000e\000c\000t\000o\000r\000\040\000a\000n\000d\000\040\000m\000a\000t\000r\000i\000x\000\040\000e\000q\000u\000a\000t\000i\000o\000n\000s}{section.4}% 12
\BOOKMARK [2][-]{subsection.4.2}{\376\377\000S\000p\000a\000n}{section.4}% 13
\BOOKMARK [2][-]{subsection.4.3}{\376\377\000L\000i\000n\000e\000a\000r\000\040\000i\000n\000d\000e\000p\000e\000n\000d\000e\000n\000c\000e}{section.4}% 14
\BOOKMARK [1][-]{section.5}{\376\377\000L\000e\000c\000t\000u\000r\000e\000\040\0005\000\040\000-\000\040\000G\000e\000o\000m\000e\000t\000r\000i\000c\000\040\000i\000n\000t\000e\000r\000p\000r\000e\000t\000a\000t\000i\000o\000n\000\040\000o\000f\000\040\000s\000o\000l\000u\000t\000i\000o\000n\000s\000\040\000o\000f\000\040\000l\000i\000n\000e\000a\000r\000\040\000s\000y\000s\000t\000e\000m\000s}{}% 15
\BOOKMARK [2][-]{subsection.5.1}{\376\377\000G\000e\000o\000m\000e\000t\000r\000i\000c\000\040\000i\000n\000t\000e\000r\000p\000r\000e\000t\000a\000t\000i\000o\000n\000\040\000o\000f\000\040\000v\000e\000c\000t\000o\000r\000s}{section.5}% 16
\BOOKMARK [2][-]{subsection.5.2}{\376\377\000B\000a\000s\000i\000s}{section.5}% 17
\BOOKMARK [2][-]{subsection.5.3}{\376\377\000G\000e\000o\000m\000e\000t\000r\000i\000c\000\040\000m\000e\000a\000n\000i\000n\000g\000\040\000o\000f\000\040\000s\000p\000a\000n\000s}{section.5}% 18
\BOOKMARK [2][-]{subsection.5.4}{\376\377\000P\000a\000r\000a\000m\000e\000t\000r\000i\000c\000\040\000v\000e\000c\000t\000o\000r\000\040\000f\000o\000r\000m}{section.5}% 19
\BOOKMARK [2][-]{subsection.5.5}{\376\377\000G\000e\000o\000m\000e\000t\000r\000i\000c\000\040\000i\000n\000t\000e\000r\000p\000r\000e\000t\000a\000t\000i\000o\000n\000\040\000o\000f\000\040\000s\000o\000l\000u\000t\000i\000o\000n\000\040\000s\000e\000t\000\040\000t\000o\000\040\000l\000i\000n\000e\000a\000r\000\040\000s\000y\000s\000t\000e\000m}{section.5}% 20
\BOOKMARK [1][-]{section.6}{\376\377\000L\000e\000c\000t\000u\000r\000e\000\040\0006\000\040\000-\000\040\000L\000i\000n\000e\000a\000r\000\040\000t\000r\000a\000n\000s\000f\000o\000r\000m\000a\000t\000i\000o\000n\000s}{}% 21
\BOOKMARK [2][-]{subsection.6.1}{\376\377\000L\000i\000n\000e\000a\000r\000\040\000t\000r\000a\000n\000s\000f\000o\000r\000m\000a\000t\000i\000o\000n\000s\000\040\000a\000n\000d\000\040\000m\000a\000t\000r\000i\000x\000\040\000t\000r\000a\000n\000s\000f\000o\000r\000m\000a\000t\000i\000o\000n\000s}{section.6}% 22
\BOOKMARK [2][-]{subsection.6.2}{\376\377\000P\000r\000o\000p\000e\000r\000t\000i\000e\000s\000\040\000o\000f\000\040\000l\000i\000n\000e\000a\000r\000\040\000t\000r\000a\000n\000s\000f\000o\000r\000m\000a\000t\000i\000o\000n\000s}{section.6}% 23
\BOOKMARK [2][-]{subsection.6.3}{\376\377\000C\000o\000m\000p\000o\000s\000i\000t\000i\000o\000n\000\040\000o\000f\000\040\000l\000i\000n\000e\000a\000r\000\040\000t\000r\000a\000n\000s\000f\000o\000r\000m\000a\000t\000i\000o\000n\000s}{section.6}% 24
\BOOKMARK [1][-]{section.7}{\376\377\000L\000e\000c\000t\000u\000r\000e\000\040\0007\000\040\000-\000\040\000M\000a\000t\000r\000i\000x\000\040\000t\000r\000a\000n\000s\000p\000o\000s\000e\000\040\000a\000n\000d\000\040\000m\000a\000t\000r\000i\000x\000\040\000i\000n\000v\000e\000r\000s\000e}{}% 25
\BOOKMARK [2][-]{subsection.7.1}{\376\377\000M\000a\000t\000r\000i\000x\000\040\000t\000r\000a\000n\000s\000p\000o\000s\000e}{section.7}% 26
\BOOKMARK [2][-]{subsection.7.2}{\376\377\000M\000a\000t\000r\000i\000x\000\040\000i\000n\000v\000e\000r\000s\000e}{section.7}% 27
\BOOKMARK [2][-]{subsection.7.3}{\376\377\000P\000r\000o\000p\000e\000r\000t\000i\000e\000s\000\040\000o\000f\000\040\000m\000a\000t\000r\000i\000x\000\040\000t\000r\000a\000n\000s\000p\000o\000s\000e\000s\000\040\000a\000n\000d\000\040\000i\000n\000v\000e\000r\000s\000e\000s}{section.7}% 28
\BOOKMARK [1][-]{section.8}{\376\377\000L\000e\000c\000t\000u\000r\000e\000\040\0008\000\040\000-\000\040\000D\000e\000t\000e\000r\000m\000i\000n\000a\000n\000t}{}% 29
\BOOKMARK [2][-]{subsection.8.1}{\376\377\000G\000e\000o\000m\000e\000t\000r\000i\000c\000\040\000d\000e\000f\000i\000n\000i\000t\000i\000o\000n\000\040\000o\000f\000\040\000d\000e\000t\000e\000r\000m\000n\000i\000n\000a\000n\000t\000s}{section.8}% 30
\BOOKMARK [2][-]{subsection.8.2}{\376\377\000P\000r\000o\000p\000e\000r\000t\000i\000e\000s\000\040\000o\000f\000\040\000d\000e\000t\000e\000r\000m\000i\000n\000a\000n\000t\000s}{section.8}% 31
\BOOKMARK [2][-]{subsection.8.3}{\376\377\000C\000o\000f\000a\000c\000t\000o\000r\000\040\000e\000x\000p\000a\000n\000s\000i\000o\000n}{section.8}% 32
\BOOKMARK [1][-]{section.9}{\376\377\000L\000e\000c\000t\000u\000r\000e\000\040\0009\000\040\000-\000\040\000V\000e\000c\000t\000o\000r\000\040\000s\000p\000a\000c\000e\000s\000\040\000a\000n\000d\000\040\000s\000u\000b\000s\000p\000a\000c\000e\000s}{}% 33
\BOOKMARK [2][-]{subsection.9.1}{\376\377\000V\000e\000c\000t\000o\000r\000\040\000s\000p\000a\000c\000e}{section.9}% 34
\BOOKMARK [2][-]{subsection.9.2}{\376\377\000S\000u\000b\000s\000p\000a\000c\000e}{section.9}% 35
\BOOKMARK [1][-]{section.10}{\376\377\000L\000e\000c\000t\000u\000r\000e\000\040\0001\0000\000\040\000-\000\040\000N\000u\000l\000l\000\040\000s\000p\000a\000c\000e\000s\000,\000\040\000C\000o\000l\000u\000m\000n\000\040\000s\000p\000a\000c\000e\000s\000,\000\040\000R\000o\000w\000\040\000s\000p\000a\000c\000e\000s\000,\000\040\000R\000a\000n\000k\000\040\000a\000n\000d\000\040\000N\000u\000l\000l\000i\000t\000y}{}% 36
\BOOKMARK [2][-]{subsection.10.1}{\376\377\000N\000u\000l\000l\000\040\000s\000p\000a\000c\000e\000,\000\040\000C\000o\000l\000u\000m\000n\000\040\000S\000p\000a\000c\000e\000\040\000a\000n\000d\000\040\000R\000o\000w\000\040\000s\000p\000a\000c\000e}{section.10}% 37
\BOOKMARK [2][-]{subsection.10.2}{\376\377\000R\000a\000n\000k\000\040\000a\000n\000d\000\040\000N\000u\000l\000l\000i\000t\000y}{section.10}% 38
\BOOKMARK [1][-]{section.11}{\376\377\000L\000e\000c\000t\000u\000r\000e\000\040\0001\0001\000\040\000-\000\040\000L\000i\000n\000e\000a\000r\000\040\000t\000r\000a\000n\000s\000f\000o\000r\000m\000a\000t\000i\000o\000n\000s\000\040\000i\000n\000\040\000g\000e\000n\000e\000r\000a\000l}{}% 39
\BOOKMARK [2][-]{subsection.11.1}{\376\377\000L\000i\000n\000e\000a\000r\000\040\000t\000r\000a\000n\000s\000f\000o\000r\000m\000a\000t\000i\000o\000n}{section.11}% 40
\BOOKMARK [2][-]{subsection.11.2}{\376\377\000M\000a\000t\000r\000i\000c\000e\000s\000\040\000o\000f\000\040\000l\000i\000n\000e\000a\000r\000\040\000t\000r\000a\000n\000s\000f\000o\000r\000m\000a\000t\000i\000o\000n\000s}{section.11}% 41
\BOOKMARK [2][-]{subsection.11.3}{\376\377\000C\000h\000a\000n\000g\000e\000\040\000o\000f\000\040\000b\000a\000s\000i\000s}{section.11}% 42
\BOOKMARK [1][-]{section.12}{\376\377\000L\000e\000c\000t\000u\000r\000e\000\040\0001\0002\000\040\000-\000\040\000E\000i\000g\000e\000n\000d\000e\000c\000o\000m\000p\000o\000s\000i\000t\000i\000o\000n}{}% 43
\BOOKMARK [2][-]{subsection.12.1}{\376\377\000E\000i\000g\000e\000n\000v\000a\000l\000u\000e\000s\000,\000\040\000e\000i\000g\000e\000n\000v\000e\000c\000t\000o\000r\000s\000\040\000a\000n\000d\000\040\000e\000i\000g\000e\000n\000s\000p\000a\000c\000e\000s}{section.12}% 44
\BOOKMARK [2][-]{subsection.12.2}{\376\377\000C\000h\000a\000r\000a\000c\000t\000e\000r\000i\000s\000t\000i\000c\000\040\000p\000o\000l\000y\000n\000o\000m\000i\000a\000l\000s}{section.12}% 45
\BOOKMARK [2][-]{subsection.12.3}{\376\377\000S\000i\000m\000i\000l\000a\000r\000i\000t\000y}{section.12}% 46
\BOOKMARK [2][-]{subsection.12.4}{\376\377\000E\000i\000g\000e\000n\000d\000e\000c\000o\000m\000p\000o\000s\000i\000t\000i\000o\000n\000\040\000a\000n\000d\000\040\000d\000i\000a\000g\000o\000n\000a\000l\000i\000z\000a\000t\000i\000o\000n}{section.12}% 47
\BOOKMARK [1][-]{section.13}{\376\377\000L\000e\000c\000t\000u\000r\000e\000\040\0001\0003\000\040\000-\000\040\000O\000r\000t\000h\000o\000g\000o\000n\000a\000l\000i\000z\000a\000t\000i\000o\000n}{}% 48
\BOOKMARK [2][-]{subsection.13.1}{\376\377\000O\000r\000t\000h\000o\000g\000o\000n\000a\000l\000\040\000a\000n\000d\000\040\000o\000r\000t\000h\000o\000n\000o\000r\000m\000a\000l\000\040\000b\000a\000s\000i\000s}{section.13}% 49
\BOOKMARK [2][-]{subsection.13.2}{\376\377\000G\000r\000a\000m\000-\000S\000c\000h\000m\000i\000d\000t\000\040\000p\000r\000o\000c\000e\000s\000s}{section.13}% 50
\BOOKMARK [2][-]{subsection.13.3}{\376\377\000O\000r\000t\000h\000o\000g\000o\000n\000a\000l\000\040\000m\000a\000t\000r\000i\000x\000\040\000a\000n\000d\000\040\000Q\000R\000\040\000f\000a\000c\000t\000o\000r\000i\000z\000a\000t\000i\000o\000n}{section.13}% 51
\BOOKMARK [1][-]{section.14}{\376\377\000L\000e\000c\000t\000u\000r\000e\000\040\0001\0004\000\040\000-\000\040\000L\000e\000a\000s\000t\000-\000s\000q\000u\000a\000r\000e\000\040\000p\000r\000o\000b\000l\000e\000m}{}% 52
\BOOKMARK [2][-]{subsection.14.1}{\376\377\000L\000e\000a\000s\000t\000-\000s\000q\000u\000a\000r\000e\000\040\000s\000o\000l\000u\000t\000i\000o\000n\000s}{section.14}% 53
\BOOKMARK [2][-]{subsection.14.2}{\376\377\000M\000a\000c\000h\000i\000n\000e\000\040\000L\000e\000a\000r\000n\000i\000n\000g\000\040\000a\000n\000d\000\040\000a\000p\000p\000r\000o\000x\000i\000m\000a\000t\000i\000o\000n}{section.14}% 54
\BOOKMARK [1][-]{section.15}{\376\377\000L\000e\000c\000t\000u\000r\000e\000\040\0001\0005\000\040\000-\000\040\000C\000o\000m\000p\000l\000e\000x\000\040\000e\000i\000g\000e\000n\000v\000a\000l\000u\000e\000s}{}% 55
\BOOKMARK [2][-]{subsection.15.1}{\376\377\000C\000o\000m\000p\000l\000e\000x\000\040\000n\000u\000m\000b\000e\000r\000s}{section.15}% 56
\BOOKMARK [2][-]{subsection.15.2}{\376\377\000E\000i\000g\000e\000n\000-\000d\000e\000c\000o\000m\000p\000o\000s\000i\000t\000i\000o\000n\000\040\000o\000v\000e\000r\000\040\000t\000h\000e\000\040\000c\000o\000m\000p\000l\000e\000x\000\040\000n\000u\000m\000b\000e\000r\000s}{section.15}% 57
\BOOKMARK [1][-]{section.16}{\376\377\000L\000e\000c\000t\000u\000r\000e\000\040\0001\0006\000\040\000-\000\040\000O\000r\000t\000h\000o\000g\000o\000n\000a\000l\000\040\000d\000i\000a\000g\000o\000n\000a\000l\000i\000z\000a\000t\000i\000o\000n}{}% 58
\BOOKMARK [2][-]{subsection.16.1}{\376\377\000O\000r\000t\000h\000o\000g\000o\000n\000a\000l\000\040\000d\000i\000a\000g\000o\000n\000a\000l\000i\000z\000a\000t\000i\000o\000n}{section.16}% 59
\BOOKMARK [2][-]{subsection.16.2}{\376\377\000S\000p\000e\000c\000t\000r\000a\000l\000\040\000d\000e\000c\000o\000m\000p\000o\000s\000i\000t\000i\000o\000n}{section.16}% 60
\BOOKMARK [1][-]{section.17}{\376\377\000A\000p\000p\000e\000n\000d\000i\000x}{}% 61
\BOOKMARK [1][-]{section.18}{\376\377\000O\000n\000l\000i\000n\000e\000\040\000A\000s\000s\000i\000g\000n\000m\000e\000n\000t\000s}{}% 62
\BOOKMARK [2][-]{subsection.18.1}{\376\377\000O\000n\000l\000i\000n\000e\000\040\000A\000s\000s\000i\000g\000n\000m\000e\000n\000t\000\040\0001}{section.18}% 63
\BOOKMARK [2][-]{subsection.18.2}{\376\377\000O\000n\000l\000i\000n\000e\000\040\000A\000s\000s\000i\000g\000n\000m\000e\000n\000t\000\040\0002}{section.18}% 64
\BOOKMARK [2][-]{subsection.18.3}{\376\377\000O\000n\000l\000i\000n\000e\000\040\000A\000s\000s\000i\000g\000n\000m\000e\000n\000t\000\040\0003}{section.18}% 65
\BOOKMARK [2][-]{subsection.18.4}{\376\377\000O\000n\000l\000i\000n\000e\000\040\000A\000s\000s\000i\000g\000n\000m\000e\000n\000t\000\040\0004}{section.18}% 66
\BOOKMARK [2][-]{subsection.18.5}{\376\377\000O\000n\000l\000i\000n\000e\000\040\000A\000s\000s\000i\000g\000n\000m\000e\000n\000t\000\040\0005}{section.18}% 67
\BOOKMARK [2][-]{subsection.18.6}{\376\377\000O\000n\000l\000i\000n\000e\000\040\000A\000s\000s\000i\000g\000n\000m\000e\000n\000t\000\040\0006}{section.18}% 68
\BOOKMARK [2][-]{subsection.18.7}{\376\377\000O\000n\000l\000i\000n\000e\000\040\000A\000s\000s\000i\000g\000n\000m\000e\000n\000t\000\040\0007}{section.18}% 69
\BOOKMARK [2][-]{subsection.18.8}{\376\377\000O\000n\000l\000i\000n\000e\000\040\000A\000s\000s\000i\000g\000n\000m\000e\000n\000t\000\040\0008}{section.18}% 70
\BOOKMARK [2][-]{subsection.18.9}{\376\377\000O\000n\000l\000i\000n\000e\000\040\000A\000s\000s\000i\000g\000n\000m\000e\000n\000t\000\040\0009}{section.18}% 71
\BOOKMARK [2][-]{subsection.18.10}{\376\377\000O\000n\000l\000i\000n\000e\000\040\000A\000s\000s\000i\000g\000n\000m\000e\000n\000t\000\040\0001\0000}{section.18}% 72
\BOOKMARK [1][-]{section.19}{\376\377\000E\000x\000a\000m\000s}{}% 73
\BOOKMARK [2][-]{subsection.19.1}{\376\377\000E\000x\000a\000m\000\040\0001}{section.19}% 74
\BOOKMARK [2][-]{subsection.19.2}{\376\377\000E\000x\000a\000m\000\040\0002}{section.19}% 75
\BOOKMARK [2][-]{subsection.19.3}{\376\377\000F\000i\000n\000a\000l}{section.19}% 76
